<?xml version="1.0" encoding="UTF-8" ?>
<testsuite failures="0" time="0.067" errors="0" skipped="1" tests="1" name="com.viridian.tddworkshop.ElementFactoryTest">
  <properties>
    <property name="java.runtime.name" value="Java(TM) SE Runtime Environment"/>
    <property name="sun.boot.library.path" value="C:\Program Files\Java\jdk1.6.0_27\jre\bin"/>
    <property name="java.vm.version" value="20.2-b06"/>
    <property name="java.vm.vendor" value="Sun Microsystems Inc."/>
    <property name="java.vendor.url" value="http://java.sun.com/"/>
    <property name="path.separator" value=";"/>
    <property name="java.vm.name" value="Java HotSpot(TM) 64-Bit Server VM"/>
    <property name="file.encoding.pkg" value="sun.io"/>
    <property name="user.country" value="US"/>
    <property name="sun.java.launcher" value="SUN_STANDARD"/>
    <property name="sun.os.patch.level" value=""/>
    <property name="java.vm.specification.name" value="Java Virtual Machine Specification"/>
    <property name="user.dir" value="F:\ws_workshop\tddtetris"/>
    <property name="java.runtime.version" value="1.6.0_27-b07"/>
    <property name="java.awt.graphicsenv" value="sun.awt.Win32GraphicsEnvironment"/>
    <property name="basedir" value="F:\ws_workshop\tddtetris"/>
    <property name="java.endorsed.dirs" value="C:\Program Files\Java\jdk1.6.0_27\jre\lib\endorsed"/>
    <property name="os.arch" value="amd64"/>
    <property name="surefire.real.class.path" value="F:\ws_workshop\tddtetris\target\surefire\surefirebooter5649898327752800181.jar"/>
    <property name="java.io.tmpdir" value="C:\Users\TKEHOE~1.COR\AppData\Local\Temp\"/>
    <property name="line.separator" value="
"/>
    <property name="java.vm.specification.vendor" value="Sun Microsystems Inc."/>
    <property name="user.variant" value=""/>
    <property name="os.name" value="Windows 7"/>
    <property name="sun.jnu.encoding" value="Cp1252"/>
    <property name="java.library.path" value="C:\Program Files\Java\jdk1.6.0_27\jre\bin;C:\Windows\Sun\Java\bin;C:\Windows\system32;C:\Windows;C:\Windows\system32;C:\Windows;C:\Windows\System32\Wbem;C:\Windows\System32\WindowsPowerShell\v1.0\;D:\apache-maven-2.2.1\bin;C:\Program Files (x86)\Java\jdk1.6.0_29/bin;C:\Program Files\SlikSvn\bin;C:\Program Files\TortoiseSVN\bin;C:\Program Files (x86)\Groovy\Groovy-1.8.5\bin;C:\Program Files (x86)\MiKTeX 2.9\miktex\bin\;D:\apache-ant-1.8.4\bin;C:\Program Files (x86)\scala\\bin;."/>
    <property name="surefire.test.class.path" value="F:\ws_workshop\tddtetris\target\test-classes;F:\ws_workshop\tddtetris\target\classes;C:\Users\tkehoe.CORPORATE\.m2\repository\junit\junit\4.11\junit-4.11.jar;C:\Users\tkehoe.CORPORATE\.m2\repository\org\hamcrest\hamcrest-core\1.3\hamcrest-core-1.3.jar;"/>
    <property name="java.specification.name" value="Java Platform API Specification"/>
    <property name="java.class.version" value="50.0"/>
    <property name="sun.management.compiler" value="HotSpot 64-Bit Tiered Compilers"/>
    <property name="os.version" value="6.1"/>
    <property name="user.home" value="C:\Users\tkehoe.CORPORATE"/>
    <property name="user.timezone" value=""/>
    <property name="java.awt.printerjob" value="sun.awt.windows.WPrinterJob"/>
    <property name="java.specification.version" value="1.6"/>
    <property name="file.encoding" value="Cp1252"/>
    <property name="user.name" value="tkehoe"/>
    <property name="java.class.path" value="F:\ws_workshop\tddtetris\target\test-classes;F:\ws_workshop\tddtetris\target\classes;C:\Users\tkehoe.CORPORATE\.m2\repository\junit\junit\4.11\junit-4.11.jar;C:\Users\tkehoe.CORPORATE\.m2\repository\org\hamcrest\hamcrest-core\1.3\hamcrest-core-1.3.jar;"/>
    <property name="java.vm.specification.version" value="1.0"/>
    <property name="sun.arch.data.model" value="64"/>
    <property name="java.home" value="C:\Program Files\Java\jdk1.6.0_27\jre"/>
    <property name="sun.java.command" value="F:\ws_workshop\tddtetris\target\surefire\surefirebooter5649898327752800181.jar F:\ws_workshop\tddtetris\target\surefire\surefire8660488888234027926tmp F:\ws_workshop\tddtetris\target\surefire\surefire9088708883140193817tmp"/>
    <property name="java.specification.vendor" value="Sun Microsystems Inc."/>
    <property name="user.language" value="en"/>
    <property name="awt.toolkit" value="sun.awt.windows.WToolkit"/>
    <property name="java.vm.info" value="mixed mode"/>
    <property name="java.version" value="1.6.0_27"/>
    <property name="java.ext.dirs" value="C:\Program Files\Java\jdk1.6.0_27\jre\lib\ext;C:\Windows\Sun\Java\lib\ext"/>
    <property name="sun.boot.class.path" value="C:\Program Files\Java\jdk1.6.0_27\jre\lib\resources.jar;C:\Program Files\Java\jdk1.6.0_27\jre\lib\rt.jar;C:\Program Files\Java\jdk1.6.0_27\jre\lib\sunrsasign.jar;C:\Program Files\Java\jdk1.6.0_27\jre\lib\jsse.jar;C:\Program Files\Java\jdk1.6.0_27\jre\lib\jce.jar;C:\Program Files\Java\jdk1.6.0_27\jre\lib\charsets.jar;C:\Program Files\Java\jdk1.6.0_27\jre\lib\modules\jdk.boot.jar;C:\Program Files\Java\jdk1.6.0_27\jre\classes"/>
    <property name="java.vendor" value="Sun Microsystems Inc."/>
    <property name="localRepository" value="C:\Users\tkehoe.CORPORATE\.m2\repository"/>
    <property name="file.separator" value="\"/>
    <property name="java.vendor.url.bug" value="http://java.sun.com/cgi-bin/bugreport.cgi"/>
    <property name="sun.cpu.endian" value="little"/>
    <property name="sun.io.unicode.encoding" value="UnicodeLittle"/>
    <property name="sun.desktop" value="windows"/>
    <property name="sun.cpu.isalist" value="amd64"/>
  </properties>
  <testcase time="0" classname="com.viridian.tddworkshop.ElementFactoryTest" name="squareShouldBeSquaredShaped">
    <skipped/>
  </testcase>
</testsuite>